Using pre-set license
Built from '2022.3/staging' branch; Version is '2022.3.10f1 (ff3792e53c62) revision 16725906'; Using compiler version '192829333'; Build Type 'Release'
OS: 'Windows 10  (10.0.19045) 64bit CoreSingleLanguage' Language: 'tr' Physical Memory: 16269 MB
BatchMode: 1, IsHumanControllingUs: 0, StartBugReporterOnCrash: 0, Is64bit: 1, IsPro: 1

COMMAND LINE ARGUMENTS:
C:\Program Files\Unity\Hub\Editor\2022.3.10f1\Editor\Unity.exe
-adb2
-batchMode
-noUpm
-name
AssetImportWorker0
-projectPath
C:/UnityGames/UnityGitHub/2D-Assasin-Game/Pain
-logFile
Logs/AssetImportWorker0.log
-srvPort
51370
Successfully changed project path to: C:/UnityGames/UnityGitHub/2D-Assasin-Game/Pain
C:/UnityGames/UnityGitHub/2D-Assasin-Game/Pain
[UnityMemory] Configuration Parameters - Can be set up in boot.config
    "memorysetup-bucket-allocator-granularity=16"
    "memorysetup-bucket-allocator-bucket-count=8"
    "memorysetup-bucket-allocator-block-size=33554432"
    "memorysetup-bucket-allocator-block-count=8"
    "memorysetup-main-allocator-block-size=16777216"
    "memorysetup-thread-allocator-block-size=16777216"
    "memorysetup-gfx-main-allocator-block-size=16777216"
    "memorysetup-gfx-thread-allocator-block-size=16777216"
    "memorysetup-cache-allocator-block-size=4194304"
    "memorysetup-typetree-allocator-block-size=2097152"
    "memorysetup-profiler-bucket-allocator-granularity=16"
    "memorysetup-profiler-bucket-allocator-bucket-count=8"
    "memorysetup-profiler-bucket-allocator-block-size=33554432"
    "memorysetup-profiler-bucket-allocator-block-count=8"
    "memorysetup-profiler-allocator-block-size=16777216"
    "memorysetup-profiler-editor-allocator-block-size=1048576"
    "memorysetup-temp-allocator-size-main=16777216"
    "memorysetup-job-temp-allocator-block-size=2097152"
    "memorysetup-job-temp-allocator-block-size-background=1048576"
    "memorysetup-job-temp-allocator-reduction-small-platforms=262144"
    "memorysetup-allocator-temp-initial-block-size-main=262144"
    "memorysetup-allocator-temp-initial-block-size-worker=262144"
    "memorysetup-temp-allocator-size-background-worker=32768"
    "memorysetup-temp-allocator-size-job-worker=262144"
    "memorysetup-temp-allocator-size-preload-manager=33554432"
    "memorysetup-temp-allocator-size-nav-mesh-worker=65536"
    "memorysetup-temp-allocator-size-audio-worker=65536"
    "memorysetup-temp-allocator-size-cloud-worker=32768"
    "memorysetup-temp-allocator-size-gi-baking-worker=262144"
    "memorysetup-temp-allocator-size-gfx=262144"
Player connection [18560] Host "[IP] 192.168.1.12 [Port] 0 [Flags] 2 [Guid] 3818448196 [EditorId] 3818448196 [Version] 1048832 [Id] WindowsEditor(7,SemihD) [Debug] 1 [PackageName] WindowsEditor [ProjectName] Editor" joined multi-casting on [225.0.0.222:54997]...

Player connection [18560] Host "[IP] 192.168.1.12 [Port] 0 [Flags] 2 [Guid] 3818448196 [EditorId] 3818448196 [Version] 1048832 [Id] WindowsEditor(7,SemihD) [Debug] 1 [PackageName] WindowsEditor [ProjectName] Editor" joined alternative multi-casting on [225.0.0.222:34997]...

[Physics::Module] Initialized MultithreadedJobDispatcher with 7 workers.
Refreshing native plugins compatible for Editor in 26.46 ms, found 4 plugins.
Preloading 0 native plugins for Editor in 0.00 ms.
Initialize engine version: 2022.3.10f1 (ff3792e53c62)
[Subsystems] Discovering subsystems at path C:/Program Files/Unity/Hub/Editor/2022.3.10f1/Editor/Data/Resources/UnitySubsystems
[Subsystems] Discovering subsystems at path C:/UnityGames/UnityGitHub/2D-Assasin-Game/Pain/Assets
GfxDevice: creating device client; threaded=0; jobified=0
Direct3D:
    Version:  Direct3D 11.0 [level 11.1]
    Renderer: NVIDIA GeForce GTX 1050 (ID=0x1c8d)
    Vendor:   NVIDIA
    VRAM:     4019 MB
    Driver:   31.0.15.4633
Initialize mono
Mono path[0] = 'C:/Program Files/Unity/Hub/Editor/2022.3.10f1/Editor/Data/Managed'
Mono path[1] = 'C:/Program Files/Unity/Hub/Editor/2022.3.10f1/Editor/Data/MonoBleedingEdge/lib/mono/unityjit-win32'
Mono config path = 'C:/Program Files/Unity/Hub/Editor/2022.3.10f1/Editor/Data/MonoBleedingEdge/etc'
Using monoOptions --debugger-agent=transport=dt_socket,embedding=1,server=y,suspend=n,address=127.0.0.1:56852
Begin MonoManager ReloadAssembly
Registering precompiled unity dll's ...
Register platform support module: C:/Program Files/Unity/Hub/Editor/2022.3.10f1/Editor/Data/PlaybackEngines/AndroidPlayer/UnityEditor.Android.Extensions.dll
Register platform support module: C:/Program Files/Unity/Hub/Editor/2022.3.10f1/Editor/Data/PlaybackEngines/iOSSupport/UnityEditor.iOS.Extensions.dll
Register platform support module: C:/Program Files/Unity/Hub/Editor/2022.3.10f1/Editor/Data/PlaybackEngines/WindowsStandaloneSupport/UnityEditor.WindowsStandalone.Extensions.dll
Registered in 0.032935 seconds.
- Loaded All Assemblies, in  0.757 seconds
Native extension for WindowsStandalone target not found
[usbmuxd] Start listen thread
[usbmuxd] Listen thread started
Native extension for iOS target not found
Native extension for Android target not found
Android Extension - Scanning For ADB Devices 474 ms
Mono: successfully reloaded assembly
- Finished resetting the current domain, in  1.036 seconds
Domain Reload Profiling: 1790ms
	BeginReloadAssembly (283ms)
		ExecutionOrderSort (0ms)
		DisableScriptedObjects (0ms)
		BackupInstance (0ms)
		ReleaseScriptingObjects (0ms)
		CreateAndSetChildDomain (1ms)
	RebuildCommonClasses (68ms)
	RebuildNativeTypeToScriptingClass (22ms)
	initialDomainReloadingComplete (128ms)
	LoadAllAssembliesAndSetupDomain (252ms)
		LoadAssemblies (280ms)
		RebuildTransferFunctionScriptingTraits (0ms)
		AnalyzeDomain (248ms)
			TypeCache.Refresh (246ms)
				TypeCache.ScanAssembly (224ms)
			ScanForSourceGeneratedMonoScriptInfo (0ms)
			ResolveRequiredComponents (1ms)
	FinalizeReload (1037ms)
		ReleaseScriptCaches (0ms)
		RebuildScriptCaches (0ms)
		SetupLoadedEditorAssemblies (932ms)
			LogAssemblyErrors (0ms)
			InitializePlatformSupportModulesInManaged (688ms)
			SetLoadedEditorAssemblies (6ms)
			RefreshPlugins (0ms)
			BeforeProcessingInitializeOnLoad (3ms)
			ProcessInitializeOnLoadAttributes (160ms)
			ProcessInitializeOnLoadMethodAttributes (75ms)
			AfterProcessingInitializeOnLoad (0ms)
			EditorAssembliesLoaded (0ms)
		ExecutionOrderSort2 (0ms)
		AwakeInstancesAfterBackupRestoration (0ms)
========================================================================
Worker process is ready to serve import requests
Begin MonoManager ReloadAssembly
- Loaded All Assemblies, in  1.623 seconds
Refreshing native plugins compatible for Editor in 10.53 ms, found 4 plugins.
Native extension for WindowsStandalone target not found
Native extension for iOS target not found
Native extension for Android target not found
Package Manager log level set to [2]
[Package Manager] Server::EnsureServerProcessIsRunning -- launch failed, reason: Unity was launched with the -noUpm command-line argument
[Package Manager] UpmClient::Send -- Unable to send message (not connected to UPM process).
[Package Manager] Cannot connect to Unity Package Manager local server
Mono: successfully reloaded assembly
- Finished resetting the current domain, in  1.879 seconds
Domain Reload Profiling: 3493ms
	BeginReloadAssembly (306ms)
		ExecutionOrderSort (0ms)
		DisableScriptedObjects (11ms)
		BackupInstance (0ms)
		ReleaseScriptingObjects (0ms)
		CreateAndSetChildDomain (33ms)
	RebuildCommonClasses (59ms)
	RebuildNativeTypeToScriptingClass (24ms)
	initialDomainReloadingComplete (82ms)
	LoadAllAssembliesAndSetupDomain (1143ms)
		LoadAssemblies (735ms)
		RebuildTransferFunctionScriptingTraits (0ms)
		AnalyzeDomain (580ms)
			TypeCache.Refresh (482ms)
				TypeCache.ScanAssembly (441ms)
			ScanForSourceGeneratedMonoScriptInfo (66ms)
			ResolveRequiredComponents (27ms)
	FinalizeReload (1880ms)
		ReleaseScriptCaches (0ms)
		RebuildScriptCaches (0ms)
		SetupLoadedEditorAssemblies (1443ms)
			LogAssemblyErrors (0ms)
			InitializePlatformSupportModulesInManaged (70ms)
			SetLoadedEditorAssemblies (8ms)
			RefreshPlugins (0ms)
			BeforeProcessingInitializeOnLoad (182ms)
			ProcessInitializeOnLoadAttributes (866ms)
			ProcessInitializeOnLoadMethodAttributes (287ms)
			AfterProcessingInitializeOnLoad (29ms)
			EditorAssembliesLoaded (1ms)
		ExecutionOrderSort2 (0ms)
		AwakeInstancesAfterBackupRestoration (21ms)
Launched and connected shader compiler UnityShaderCompiler.exe after 0.12 seconds
Refreshing native plugins compatible for Editor in 14.08 ms, found 4 plugins.
Preloading 0 native plugins for Editor in 0.00 ms.
Unloading 5809 Unused Serialized files (Serialized files now loaded: 0)
Unloading 110 unused Assets / (0.9 MB). Loaded Objects now: 6283.
Memory consumption went from 236.3 MB to 235.4 MB.
Total: 7.518300 ms (FindLiveObjects: 0.626400 ms CreateObjectMapping: 0.783700 ms MarkObjects: 5.031000 ms  DeleteObjects: 1.075900 ms)

AssetImportParameters requested are different than current active one (requested -> active):
  custom:container-demuxer-ogg: 62fdf1f143b41e24485cea50d1cbac27 -> 
  custom:video-decoder-ogg-theora: a1e56fd34408186e4bbccfd4996cb3dc -> 
  custom:framework-win-MediaFoundation: 216162199b28c13a410421893ffa2e32 -> 
  custom:CustomObjectIndexerAttribute: a3ef5dd2817f97addfee359851a9dba5 -> 
  custom:container-demuxer-webm: 4f35f7cbe854078d1ac9338744f61a02 -> 
  custom:container-muxer-webm: aa71ff27fc2769a1b78a27578f13a17b -> 
  custom:video-decoder-webm-vp8: 9c59270c3fd7afecdb556c50c9e8de78 -> 
  custom:SearchIndexIgnoredProperties: e643bd26f0fe6173181afceb89e7c659 -> 
  custom:AudioImporter_EditorPlatform: d09bf68614088b80899f8185d706f6e7 -> 
  custom:video-encoder-webm-vp8: eb34c28f22e8b96e1ab97ce403110664 -> 
  custom:audio-decoder-ogg-vorbis: bf7c407c2cedff20999df2af8eb42d56 -> 
  custom:audio-encoder-webm-vorbis: bf7c407c2cedff20999df2af8eb42d56 -> 
========================================================================
Received Prepare
Begin MonoManager ReloadAssembly
- Loaded All Assemblies, in  1.204 seconds
Refreshing native plugins compatible for Editor in 11.72 ms, found 4 plugins.
Native extension for WindowsStandalone target not found
Native extension for iOS target not found
Native extension for Android target not found
[Package Manager] Server::EnsureServerProcessIsRunning -- launch failed, reason: Unity was launched with the -noUpm command-line argument
[Package Manager] UpmClient::Send -- Unable to send message (not connected to UPM process).
[Package Manager] Cannot connect to Unity Package Manager local server
Mono: successfully reloaded assembly
- Finished resetting the current domain, in  3.513 seconds
Domain Reload Profiling: 4702ms
	BeginReloadAssembly (362ms)
		ExecutionOrderSort (0ms)
		DisableScriptedObjects (23ms)
		BackupInstance (0ms)
		ReleaseScriptingObjects (0ms)
		CreateAndSetChildDomain (79ms)
	RebuildCommonClasses (83ms)
	RebuildNativeTypeToScriptingClass (30ms)
	initialDomainReloadingComplete (73ms)
	LoadAllAssembliesAndSetupDomain (641ms)
		LoadAssemblies (791ms)
		RebuildTransferFunctionScriptingTraits (0ms)
		AnalyzeDomain (48ms)
			TypeCache.Refresh (14ms)
				TypeCache.ScanAssembly (0ms)
			ScanForSourceGeneratedMonoScriptInfo (1ms)
			ResolveRequiredComponents (31ms)
	FinalizeReload (3514ms)
		ReleaseScriptCaches (0ms)
		RebuildScriptCaches (0ms)
		SetupLoadedEditorAssemblies (1228ms)
			LogAssemblyErrors (0ms)
			InitializePlatformSupportModulesInManaged (90ms)
			SetLoadedEditorAssemblies (12ms)
			RefreshPlugins (0ms)
			BeforeProcessingInitializeOnLoad (221ms)
			ProcessInitializeOnLoadAttributes (712ms)
			ProcessInitializeOnLoadMethodAttributes (168ms)
			AfterProcessingInitializeOnLoad (24ms)
			EditorAssembliesLoaded (0ms)
		ExecutionOrderSort2 (0ms)
		AwakeInstancesAfterBackupRestoration (29ms)
Refreshing native plugins compatible for Editor in 12.29 ms, found 4 plugins.
Preloading 0 native plugins for Editor in 0.00 ms.
Unloading 5668 Unused Serialized files (Serialized files now loaded: 0)
Unloading 62 unused Assets / (0.9 MB). Loaded Objects now: 6301.
Memory consumption went from 212.2 MB to 211.3 MB.
Total: 9.190400 ms (FindLiveObjects: 0.662900 ms CreateObjectMapping: 1.294300 ms MarkObjects: 6.677700 ms  DeleteObjects: 0.554500 ms)

Prepare: number of updated asset objects reloaded= 0
AssetImportParameters requested are different than current active one (requested -> active):
  custom:container-demuxer-ogg: 62fdf1f143b41e24485cea50d1cbac27 -> 
  custom:video-decoder-ogg-theora: a1e56fd34408186e4bbccfd4996cb3dc -> 
  custom:framework-win-MediaFoundation: 216162199b28c13a410421893ffa2e32 -> 
  custom:CustomObjectIndexerAttribute: a3ef5dd2817f97addfee359851a9dba5 -> 
  custom:container-demuxer-webm: 4f35f7cbe854078d1ac9338744f61a02 -> 
  custom:container-muxer-webm: aa71ff27fc2769a1b78a27578f13a17b -> 
  custom:video-decoder-webm-vp8: 9c59270c3fd7afecdb556c50c9e8de78 -> 
  custom:SearchIndexIgnoredProperties: e643bd26f0fe6173181afceb89e7c659 -> 
  custom:AudioImporter_EditorPlatform: d09bf68614088b80899f8185d706f6e7 -> 
  custom:video-encoder-webm-vp8: eb34c28f22e8b96e1ab97ce403110664 -> 
  custom:audio-decoder-ogg-vorbis: bf7c407c2cedff20999df2af8eb42d56 -> 
  custom:audio-encoder-webm-vorbis: bf7c407c2cedff20999df2af8eb42d56 -> 
========================================================================
Received Import Request.
  Time since last request: 117007.226558 seconds.
  path: Assets/Prefabs/Stone.prefab
  artifactKey: Guid(e855fd8bb8512034aba29e9221629186) Importer(815301076,1909f56bfc062723c751e8b465ee728b)
Start importing Assets/Prefabs/Stone.prefab using Guid(e855fd8bb8512034aba29e9221629186) Importer(815301076,1909f56bfc062723c751e8b465ee728b)  -> (artifact id: '760b3aed3a036b9768db6f34f4b9897a') in 0.704201 seconds
Number of updated asset objects reloaded before import = 0
Number of asset objects unloaded after import = 28
========================================================================
Received Import Request.
  Time since last request: 2.896196 seconds.
  path: Assets/Prefabs/Stone.prefab
  artifactKey: Guid(e855fd8bb8512034aba29e9221629186) Importer(815301076,1909f56bfc062723c751e8b465ee728b)
Start importing Assets/Prefabs/Stone.prefab using Guid(e855fd8bb8512034aba29e9221629186) Importer(815301076,1909f56bfc062723c751e8b465ee728b)  -> (artifact id: 'b61a1fd9cc8feafa6f39bfb4bc18ffde') in 0.029259 seconds
Number of updated asset objects reloaded before import = 0
Number of asset objects unloaded after import = 10
========================================================================
Received Import Request.
  Time since last request: 9.404294 seconds.
  path: Assets/Prefabs/Stone.prefab
  artifactKey: Guid(e855fd8bb8512034aba29e9221629186) Importer(815301076,1909f56bfc062723c751e8b465ee728b)
Start importing Assets/Prefabs/Stone.prefab using Guid(e855fd8bb8512034aba29e9221629186) Importer(815301076,1909f56bfc062723c751e8b465ee728b)  -> (artifact id: 'b6cc785fcf161259933955a9636194e5') in 0.015940 seconds
Number of updated asset objects reloaded before import = 0
Number of asset objects unloaded after import = 10
========================================================================
Received Import Request.
  Time since last request: 47.615549 seconds.
  path: Assets/Prefabs/Stone.prefab
  artifactKey: Guid(e855fd8bb8512034aba29e9221629186) Importer(815301076,1909f56bfc062723c751e8b465ee728b)
Start importing Assets/Prefabs/Stone.prefab using Guid(e855fd8bb8512034aba29e9221629186) Importer(815301076,1909f56bfc062723c751e8b465ee728b)  -> (artifact id: 'a6be74385d30b06da180c2f0ebd654d5') in 0.017675 seconds
Number of updated asset objects reloaded before import = 0
Number of asset objects unloaded after import = 10
========================================================================
Received Import Request.
  Time since last request: 8.448497 seconds.
  path: Assets/Prefabs/Stone.prefab
  artifactKey: Guid(e855fd8bb8512034aba29e9221629186) Importer(815301076,1909f56bfc062723c751e8b465ee728b)
Start importing Assets/Prefabs/Stone.prefab using Guid(e855fd8bb8512034aba29e9221629186) Importer(815301076,1909f56bfc062723c751e8b465ee728b)  -> (artifact id: '0a928cf62352488e60044eec2b45aac4') in 0.014219 seconds
Number of updated asset objects reloaded before import = 0
Number of asset objects unloaded after import = 10
========================================================================
Received Import Request.
  Time since last request: 3.244430 seconds.
  path: Assets/Prefabs/Stone.prefab
  artifactKey: Guid(e855fd8bb8512034aba29e9221629186) Importer(815301076,1909f56bfc062723c751e8b465ee728b)
Start importing Assets/Prefabs/Stone.prefab using Guid(e855fd8bb8512034aba29e9221629186) Importer(815301076,1909f56bfc062723c751e8b465ee728b)  -> (artifact id: 'b39a5d0c85e39fa6f44fef7a4b5a6a4f') in 0.012526 seconds
Number of updated asset objects reloaded before import = 0
Number of asset objects unloaded after import = 10
========================================================================
Received Import Request.
  Time since last request: 4.472922 seconds.
  path: Assets/Prefabs/Stone.prefab
  artifactKey: Guid(e855fd8bb8512034aba29e9221629186) Importer(815301076,1909f56bfc062723c751e8b465ee728b)
Start importing Assets/Prefabs/Stone.prefab using Guid(e855fd8bb8512034aba29e9221629186) Importer(815301076,1909f56bfc062723c751e8b465ee728b)  -> (artifact id: '6e55d69245546336a9cef4f26eced106') in 0.017598 seconds
Number of updated asset objects reloaded before import = 0
Number of asset objects unloaded after import = 10
========================================================================
Received Import Request.
  Time since last request: 7.153497 seconds.
  path: Assets/Prefabs/Stone.prefab
  artifactKey: Guid(e855fd8bb8512034aba29e9221629186) Importer(815301076,1909f56bfc062723c751e8b465ee728b)
Start importing Assets/Prefabs/Stone.prefab using Guid(e855fd8bb8512034aba29e9221629186) Importer(815301076,1909f56bfc062723c751e8b465ee728b)  -> (artifact id: '63d7946f46f81fea5ffcfaf84ffbc129') in 0.015541 seconds
Number of updated asset objects reloaded before import = 0
Number of asset objects unloaded after import = 10
========================================================================
Received Import Request.
  Time since last request: 6.960128 seconds.
  path: Assets/Prefabs/Stone.prefab
  artifactKey: Guid(e855fd8bb8512034aba29e9221629186) Importer(815301076,1909f56bfc062723c751e8b465ee728b)
Start importing Assets/Prefabs/Stone.prefab using Guid(e855fd8bb8512034aba29e9221629186) Importer(815301076,1909f56bfc062723c751e8b465ee728b)  -> (artifact id: '1057e8cd5985f3dc0222da2d11c14e34') in 0.047504 seconds
Number of updated asset objects reloaded before import = 0
Number of asset objects unloaded after import = 10
========================================================================
Received Import Request.
  Time since last request: 4.152637 seconds.
  path: Assets/Prefabs/Stone.prefab
  artifactKey: Guid(e855fd8bb8512034aba29e9221629186) Importer(815301076,1909f56bfc062723c751e8b465ee728b)
Start importing Assets/Prefabs/Stone.prefab using Guid(e855fd8bb8512034aba29e9221629186) Importer(815301076,1909f56bfc062723c751e8b465ee728b)  -> (artifact id: 'a7c5f121ee3a69b5f43f971507c114bc') in 0.016791 seconds
Number of updated asset objects reloaded before import = 0
Number of asset objects unloaded after import = 10
========================================================================
Received Import Request.
  Time since last request: 2.943939 seconds.
  path: Assets/Prefabs/Stone.prefab
  artifactKey: Guid(e855fd8bb8512034aba29e9221629186) Importer(815301076,1909f56bfc062723c751e8b465ee728b)
Start importing Assets/Prefabs/Stone.prefab using Guid(e855fd8bb8512034aba29e9221629186) Importer(815301076,1909f56bfc062723c751e8b465ee728b)  -> (artifact id: '40dd2d94794faed973fb1be621a20ce2') in 0.016276 seconds
Number of updated asset objects reloaded before import = 0
Number of asset objects unloaded after import = 10
========================================================================
Received Import Request.
  Time since last request: 60.325326 seconds.
  path: Assets/Prefabs/Stone.prefab
  artifactKey: Guid(e855fd8bb8512034aba29e9221629186) Importer(815301076,1909f56bfc062723c751e8b465ee728b)
Start importing Assets/Prefabs/Stone.prefab using Guid(e855fd8bb8512034aba29e9221629186) Importer(815301076,1909f56bfc062723c751e8b465ee728b)  -> (artifact id: '67fd4ac4345e9c6dfe8e4cb4392aaff7') in 0.029175 seconds
Number of updated asset objects reloaded before import = 0
Number of asset objects unloaded after import = 10
========================================================================
Received Import Request.
  Time since last request: 4.315486 seconds.
  path: Assets/Prefabs/Stone.prefab
  artifactKey: Guid(e855fd8bb8512034aba29e9221629186) Importer(815301076,1909f56bfc062723c751e8b465ee728b)
Start importing Assets/Prefabs/Stone.prefab using Guid(e855fd8bb8512034aba29e9221629186) Importer(815301076,1909f56bfc062723c751e8b465ee728b)  -> (artifact id: '545a74168573797c3c2d1a94d4c290ee') in 0.014418 seconds
Number of updated asset objects reloaded before import = 0
Number of asset objects unloaded after import = 10
========================================================================
Received Import Request.
  Time since last request: 13.409988 seconds.
  path: Assets/Prefabs/Stone.prefab
  artifactKey: Guid(e855fd8bb8512034aba29e9221629186) Importer(815301076,1909f56bfc062723c751e8b465ee728b)
Start importing Assets/Prefabs/Stone.prefab using Guid(e855fd8bb8512034aba29e9221629186) Importer(815301076,1909f56bfc062723c751e8b465ee728b)  -> (artifact id: '7c97ddd7b97b284829a781121b8f4361') in 0.015172 seconds
Number of updated asset objects reloaded before import = 0
Number of asset objects unloaded after import = 10
========================================================================
Received Import Request.
  Time since last request: 117.984166 seconds.
  path: Assets/Prefabs/Stone.prefab
  artifactKey: Guid(e855fd8bb8512034aba29e9221629186) Importer(815301076,1909f56bfc062723c751e8b465ee728b)
Start importing Assets/Prefabs/Stone.prefab using Guid(e855fd8bb8512034aba29e9221629186) Importer(815301076,1909f56bfc062723c751e8b465ee728b)  -> (artifact id: '8789cce2075856e4bc12b6a8f43e926c') in 0.020506 seconds
Number of updated asset objects reloaded before import = 0
Number of asset objects unloaded after import = 10
========================================================================
Received Import Request.
  Time since last request: 5.613151 seconds.
  path: Assets/Prefabs/Stone.prefab
  artifactKey: Guid(e855fd8bb8512034aba29e9221629186) Importer(815301076,1909f56bfc062723c751e8b465ee728b)
Start importing Assets/Prefabs/Stone.prefab using Guid(e855fd8bb8512034aba29e9221629186) Importer(815301076,1909f56bfc062723c751e8b465ee728b)  -> (artifact id: '7e03663638791d199a7a17c74b434ce3') in 0.016022 seconds
Number of updated asset objects reloaded before import = 0
Number of asset objects unloaded after import = 10
========================================================================
Received Import Request.
  Time since last request: 4.562303 seconds.
  path: Assets/Prefabs/Stone.prefab
  artifactKey: Guid(e855fd8bb8512034aba29e9221629186) Importer(815301076,1909f56bfc062723c751e8b465ee728b)
Start importing Assets/Prefabs/Stone.prefab using Guid(e855fd8bb8512034aba29e9221629186) Importer(815301076,1909f56bfc062723c751e8b465ee728b)  -> (artifact id: '0006a198037534f153a80729658547fd') in 0.015348 seconds
Number of updated asset objects reloaded before import = 0
Number of asset objects unloaded after import = 10
========================================================================
Received Import Request.
  Time since last request: 5.269752 seconds.
  path: Assets/Prefabs/Stone.prefab
  artifactKey: Guid(e855fd8bb8512034aba29e9221629186) Importer(815301076,1909f56bfc062723c751e8b465ee728b)
Start importing Assets/Prefabs/Stone.prefab using Guid(e855fd8bb8512034aba29e9221629186) Importer(815301076,1909f56bfc062723c751e8b465ee728b)  -> (artifact id: 'eb5e3241c7c8a03f6fa759476a30ab6d') in 0.027552 seconds
Number of updated asset objects reloaded before import = 0
Number of asset objects unloaded after import = 10
========================================================================
Received Import Request.
  Time since last request: 40.175615 seconds.
  path: Assets/Prefabs/Stone.prefab
  artifactKey: Guid(e855fd8bb8512034aba29e9221629186) Importer(815301076,1909f56bfc062723c751e8b465ee728b)
Start importing Assets/Prefabs/Stone.prefab using Guid(e855fd8bb8512034aba29e9221629186) Importer(815301076,1909f56bfc062723c751e8b465ee728b)  -> (artifact id: 'c0dbb1203821e7ed5578eab6dcf2b819') in 0.015620 seconds
Number of updated asset objects reloaded before import = 0
Number of asset objects unloaded after import = 10
========================================================================
Received Import Request.
  Time since last request: 7.253944 seconds.
  path: Assets/Prefabs/Stone.prefab
  artifactKey: Guid(e855fd8bb8512034aba29e9221629186) Importer(815301076,1909f56bfc062723c751e8b465ee728b)
Start importing Assets/Prefabs/Stone.prefab using Guid(e855fd8bb8512034aba29e9221629186) Importer(815301076,1909f56bfc062723c751e8b465ee728b)  -> (artifact id: '963c03c0ba5c9a6477c73f79b16d7f9d') in 0.016325 seconds
Number of updated asset objects reloaded before import = 0
Number of asset objects unloaded after import = 10
========================================================================
Received Import Request.
  Time since last request: 5.775465 seconds.
  path: Assets/Prefabs/Stone.prefab
  artifactKey: Guid(e855fd8bb8512034aba29e9221629186) Importer(815301076,1909f56bfc062723c751e8b465ee728b)
Start importing Assets/Prefabs/Stone.prefab using Guid(e855fd8bb8512034aba29e9221629186) Importer(815301076,1909f56bfc062723c751e8b465ee728b)  -> (artifact id: '88641fa2d091655ae31c0832311ec316') in 0.014970 seconds
Number of updated asset objects reloaded before import = 0
Number of asset objects unloaded after import = 10
========================================================================
Received Prepare
Begin MonoManager ReloadAssembly
- Loaded All Assemblies, in  1.245 seconds
Refreshing native plugins compatible for Editor in 10.11 ms, found 4 plugins.
Native extension for WindowsStandalone target not found
Native extension for iOS target not found
Native extension for Android target not found
[Package Manager] Server::EnsureServerProcessIsRunning -- launch failed, reason: Unity was launched with the -noUpm command-line argument
[Package Manager] UpmClient::Send -- Unable to send message (not connected to UPM process).
[Package Manager] Cannot connect to Unity Package Manager local server
Mono: successfully reloaded assembly
- Finished resetting the current domain, in  3.189 seconds
Domain Reload Profiling: 4424ms
	BeginReloadAssembly (356ms)
		ExecutionOrderSort (0ms)
		DisableScriptedObjects (32ms)
		BackupInstance (0ms)
		ReleaseScriptingObjects (0ms)
		CreateAndSetChildDomain (77ms)
	RebuildCommonClasses (53ms)
	RebuildNativeTypeToScriptingClass (22ms)
	initialDomainReloadingComplete (66ms)
	LoadAllAssembliesAndSetupDomain (736ms)
		LoadAssemblies (850ms)
		RebuildTransferFunctionScriptingTraits (0ms)
		AnalyzeDomain (79ms)
			TypeCache.Refresh (16ms)
				TypeCache.ScanAssembly (0ms)
			ScanForSourceGeneratedMonoScriptInfo (37ms)
			ResolveRequiredComponents (25ms)
	FinalizeReload (3190ms)
		ReleaseScriptCaches (0ms)
		RebuildScriptCaches (0ms)
		SetupLoadedEditorAssemblies (834ms)
			LogAssemblyErrors (0ms)
			InitializePlatformSupportModulesInManaged (52ms)
			SetLoadedEditorAssemblies (7ms)
			RefreshPlugins (0ms)
			BeforeProcessingInitializeOnLoad (165ms)
			ProcessInitializeOnLoadAttributes (474ms)
			ProcessInitializeOnLoadMethodAttributes (119ms)
			AfterProcessingInitializeOnLoad (17ms)
			EditorAssembliesLoaded (1ms)
		ExecutionOrderSort2 (0ms)
		AwakeInstancesAfterBackupRestoration (33ms)
Refreshing native plugins compatible for Editor in 8.74 ms, found 4 plugins.
Preloading 0 native plugins for Editor in 0.00 ms.
Unloading 5668 Unused Serialized files (Serialized files now loaded: 0)
Unloading 62 unused Assets / (0.9 MB). Loaded Objects now: 6364.
Memory consumption went from 212.8 MB to 211.9 MB.
Total: 18.469300 ms (FindLiveObjects: 0.923600 ms CreateObjectMapping: 0.864600 ms MarkObjects: 8.188600 ms  DeleteObjects: 8.490900 ms)

Prepare: number of updated asset objects reloaded= 0
AssetImportParameters requested are different than current active one (requested -> active):
  custom:container-demuxer-ogg: 62fdf1f143b41e24485cea50d1cbac27 -> 
  custom:video-decoder-ogg-theora: a1e56fd34408186e4bbccfd4996cb3dc -> 
  custom:framework-win-MediaFoundation: 216162199b28c13a410421893ffa2e32 -> 
  custom:CustomObjectIndexerAttribute: a3ef5dd2817f97addfee359851a9dba5 -> 
  custom:container-demuxer-webm: 4f35f7cbe854078d1ac9338744f61a02 -> 
  custom:container-muxer-webm: aa71ff27fc2769a1b78a27578f13a17b -> 
  custom:video-decoder-webm-vp8: 9c59270c3fd7afecdb556c50c9e8de78 -> 
  custom:SearchIndexIgnoredProperties: e643bd26f0fe6173181afceb89e7c659 -> 
  custom:AudioImporter_EditorPlatform: d09bf68614088b80899f8185d706f6e7 -> 
  custom:video-encoder-webm-vp8: eb34c28f22e8b96e1ab97ce403110664 -> 
  custom:audio-decoder-ogg-vorbis: bf7c407c2cedff20999df2af8eb42d56 -> 
  custom:audio-encoder-webm-vorbis: bf7c407c2cedff20999df2af8eb42d56 -> 
========================================================================
Received Prepare
Begin MonoManager ReloadAssembly
- Loaded All Assemblies, in  1.290 seconds
Refreshing native plugins compatible for Editor in 20.64 ms, found 4 plugins.
Native extension for WindowsStandalone target not found
Native extension for iOS target not found
Native extension for Android target not found
[Package Manager] Server::EnsureServerProcessIsRunning -- launch failed, reason: Unity was launched with the -noUpm command-line argument
[Package Manager] UpmClient::Send -- Unable to send message (not connected to UPM process).
[Package Manager] Cannot connect to Unity Package Manager local server
Mono: successfully reloaded assembly
- Finished resetting the current domain, in  3.009 seconds
Domain Reload Profiling: 4286ms
	BeginReloadAssembly (463ms)
		ExecutionOrderSort (0ms)
		DisableScriptedObjects (21ms)
		BackupInstance (0ms)
		ReleaseScriptingObjects (0ms)
		CreateAndSetChildDomain (156ms)
	RebuildCommonClasses (83ms)
	RebuildNativeTypeToScriptingClass (28ms)
	initialDomainReloadingComplete (71ms)
	LoadAllAssembliesAndSetupDomain (631ms)
		LoadAssemblies (815ms)
		RebuildTransferFunctionScriptingTraits (0ms)
		AnalyzeDomain (46ms)
			TypeCache.Refresh (17ms)
				TypeCache.ScanAssembly (0ms)
			ScanForSourceGeneratedMonoScriptInfo (0ms)
			ResolveRequiredComponents (26ms)
	FinalizeReload (3010ms)
		ReleaseScriptCaches (0ms)
		RebuildScriptCaches (0ms)
		SetupLoadedEditorAssemblies (957ms)
			LogAssemblyErrors (0ms)
			InitializePlatformSupportModulesInManaged (70ms)
			SetLoadedEditorAssemblies (8ms)
			RefreshPlugins (0ms)
			BeforeProcessingInitializeOnLoad (161ms)
			ProcessInitializeOnLoadAttributes (541ms)
			ProcessInitializeOnLoadMethodAttributes (150ms)
			AfterProcessingInitializeOnLoad (26ms)
			EditorAssembliesLoaded (2ms)
		ExecutionOrderSort2 (0ms)
		AwakeInstancesAfterBackupRestoration (39ms)
Refreshing native plugins compatible for Editor in 10.90 ms, found 4 plugins.
Preloading 0 native plugins for Editor in 0.00 ms.
Unloading 5668 Unused Serialized files (Serialized files now loaded: 0)
Unloading 62 unused Assets / (0.9 MB). Loaded Objects now: 6381.
Memory consumption went from 212.7 MB to 211.8 MB.
Total: 7.260500 ms (FindLiveObjects: 0.918000 ms CreateObjectMapping: 0.615700 ms MarkObjects: 4.807100 ms  DeleteObjects: 0.917600 ms)

Prepare: number of updated asset objects reloaded= 0
AssetImportParameters requested are different than current active one (requested -> active):
  custom:container-demuxer-ogg: 62fdf1f143b41e24485cea50d1cbac27 -> 
  custom:video-decoder-ogg-theora: a1e56fd34408186e4bbccfd4996cb3dc -> 
  custom:framework-win-MediaFoundation: 216162199b28c13a410421893ffa2e32 -> 
  custom:CustomObjectIndexerAttribute: a3ef5dd2817f97addfee359851a9dba5 -> 
  custom:container-demuxer-webm: 4f35f7cbe854078d1ac9338744f61a02 -> 
  custom:container-muxer-webm: aa71ff27fc2769a1b78a27578f13a17b -> 
  custom:video-decoder-webm-vp8: 9c59270c3fd7afecdb556c50c9e8de78 -> 
  custom:SearchIndexIgnoredProperties: e643bd26f0fe6173181afceb89e7c659 -> 
  custom:AudioImporter_EditorPlatform: d09bf68614088b80899f8185d706f6e7 -> 
  custom:video-encoder-webm-vp8: eb34c28f22e8b96e1ab97ce403110664 -> 
  custom:audio-decoder-ogg-vorbis: bf7c407c2cedff20999df2af8eb42d56 -> 
  custom:audio-encoder-webm-vorbis: bf7c407c2cedff20999df2af8eb42d56 -> 
========================================================================
Received Import Request.
  Time since last request: 1394.285975 seconds.
  path: Assets/Prefabs/Enemy 1.prefab
  artifactKey: Guid(78c5960e49b9c2146a44198aedfd83c4) Importer(815301076,1909f56bfc062723c751e8b465ee728b)
Start importing Assets/Prefabs/Enemy 1.prefab using Guid(78c5960e49b9c2146a44198aedfd83c4) Importer(815301076,1909f56bfc062723c751e8b465ee728b)  -> (artifact id: 'f9ae93e8f5eac3fd2d643c9890eb616d') in 0.388409 seconds
Number of updated asset objects reloaded before import = 0
Number of asset objects unloaded after import = 41
========================================================================
Received Import Request.
  Time since last request: 3.991478 seconds.
  path: Assets/Prefabs/EnemyHuman.prefab
  artifactKey: Guid(78c5960e49b9c2146a44198aedfd83c4) Importer(815301076,1909f56bfc062723c751e8b465ee728b)
Start importing Assets/Prefabs/EnemyHuman.prefab using Guid(78c5960e49b9c2146a44198aedfd83c4) Importer(815301076,1909f56bfc062723c751e8b465ee728b)  -> (artifact id: 'a7c080c4a86b540dd7f00ccca025aa63') in 0.065055 seconds
Number of updated asset objects reloaded before import = 0
Number of asset objects unloaded after import = 51
========================================================================
Received Import Request.
  Time since last request: 20.495101 seconds.
  path: Assets/CrystalWorld/Sprites/GinoCharacter/attacks/AttackA01.png
  artifactKey: Guid(a1e0a5c0d43cfec4abd3d9f9d68e5d18) Importer(815301076,1909f56bfc062723c751e8b465ee728b)
Start importing Assets/CrystalWorld/Sprites/GinoCharacter/attacks/AttackA01.png using Guid(a1e0a5c0d43cfec4abd3d9f9d68e5d18) Importer(815301076,1909f56bfc062723c751e8b465ee728b)  -> (artifact id: '9b0937198c8ad794dc50b2814539e1d2') in 0.087968 seconds
Number of updated asset objects reloaded before import = 0
Number of asset objects unloaded after import = 3
========================================================================
Received Import Request.
  Time since last request: 0.000039 seconds.
  path: Assets/CrystalWorld/Sprites/GinoCharacter/attacks/AttackA05.png
  artifactKey: Guid(4c8039b4f90aa6545bb05e20f2783aff) Importer(815301076,1909f56bfc062723c751e8b465ee728b)
Start importing Assets/CrystalWorld/Sprites/GinoCharacter/attacks/AttackA05.png using Guid(4c8039b4f90aa6545bb05e20f2783aff) Importer(815301076,1909f56bfc062723c751e8b465ee728b)  -> (artifact id: '279e34609cae8060b5c3429ae704409d') in 0.039662 seconds
Number of updated asset objects reloaded before import = 0
Number of asset objects unloaded after import = 3
========================================================================
Received Import Request.
  Time since last request: 0.000039 seconds.
  path: Assets/CrystalWorld/Sprites/GinoCharacter/attacks/AttackA04.png
  artifactKey: Guid(53f59ed42b591814986d2183e7d71b1b) Importer(815301076,1909f56bfc062723c751e8b465ee728b)
Start importing Assets/CrystalWorld/Sprites/GinoCharacter/attacks/AttackA04.png using Guid(53f59ed42b591814986d2183e7d71b1b) Importer(815301076,1909f56bfc062723c751e8b465ee728b)  -> (artifact id: '701409ffde425408831365c7f8bfc117') in 0.043692 seconds
Number of updated asset objects reloaded before import = 0
Number of asset objects unloaded after import = 3
========================================================================
Received Import Request.
  Time since last request: 2.059566 seconds.
  path: Assets/Prefabs/EnemyHuman.prefab
  artifactKey: Guid(78c5960e49b9c2146a44198aedfd83c4) Importer(815301076,1909f56bfc062723c751e8b465ee728b)
Start importing Assets/Prefabs/EnemyHuman.prefab using Guid(78c5960e49b9c2146a44198aedfd83c4) Importer(815301076,1909f56bfc062723c751e8b465ee728b)  -> (artifact id: '1fc12e560ffb74026648a322213b76e3') in 0.024957 seconds
Number of updated asset objects reloaded before import = 0
Number of asset objects unloaded after import = 51
========================================================================
Received Import Request.
  Time since last request: 123.206436 seconds.
  path: Assets/Prefabs/EnemyHuman.prefab
  artifactKey: Guid(78c5960e49b9c2146a44198aedfd83c4) Importer(815301076,1909f56bfc062723c751e8b465ee728b)
Start importing Assets/Prefabs/EnemyHuman.prefab using Guid(78c5960e49b9c2146a44198aedfd83c4) Importer(815301076,1909f56bfc062723c751e8b465ee728b)  -> (artifact id: 'b70b133c07bc580cd93ee26f5679f998') in 0.016298 seconds
Number of updated asset objects reloaded before import = 0
Number of asset objects unloaded after import = 12
========================================================================
Received Import Request.
  Time since last request: 87.614297 seconds.
  path: Assets/Animations/EnemyHuman Anim
  artifactKey: Guid(f794629c567a06743a0ac0971e61249a) Importer(815301076,1909f56bfc062723c751e8b465ee728b)
Start importing Assets/Animations/EnemyHuman Anim using Guid(f794629c567a06743a0ac0971e61249a) Importer(815301076,1909f56bfc062723c751e8b465ee728b)  -> (artifact id: 'db8ec815fc8dfd585d379d57e31810fd') in 0.001081 seconds
Number of updated asset objects reloaded before import = 0
Number of asset objects unloaded after import = 0
========================================================================
Received Import Request.
  Time since last request: 16.542302 seconds.
  path: Assets/Animations/EnemyHuman Anim/EnemyHuman.controller
  artifactKey: Guid(08f08dd9d44ea294aa74708f32f7e546) Importer(815301076,1909f56bfc062723c751e8b465ee728b)
Start importing Assets/Animations/EnemyHuman Anim/EnemyHuman.controller using Guid(08f08dd9d44ea294aa74708f32f7e546) Importer(815301076,1909f56bfc062723c751e8b465ee728b)  -> (artifact id: '92c800706fd20534a428cb04fa4079ac') in 0.002309 seconds
Number of updated asset objects reloaded before import = 0
Number of asset objects unloaded after import = 1
========================================================================
Received Import Request.
  Time since last request: 89.926668 seconds.
  path: Assets/Medieval Warrior Pack 2/Animations/Attack4.anim
  artifactKey: Guid(9d8a7533d239ddb4c8606932a2120d91) Importer(815301076,1909f56bfc062723c751e8b465ee728b)
Start importing Assets/Medieval Warrior Pack 2/Animations/Attack4.anim using Guid(9d8a7533d239ddb4c8606932a2120d91) Importer(815301076,1909f56bfc062723c751e8b465ee728b)  -> (artifact id: '6f016063d6274b5a9b34ccce3e387c10') in 0.003563 seconds
Number of updated asset objects reloaded before import = 0
Number of asset objects unloaded after import = 1
========================================================================
Received Import Request.
  Time since last request: 15.808524 seconds.
  path: Assets/Animations/EnemyHuman Anim/Attack1.anim
  artifactKey: Guid(3b7cd5eea066e104eb0c6060a342533e) Importer(815301076,1909f56bfc062723c751e8b465ee728b)
Start importing Assets/Animations/EnemyHuman Anim/Attack1.anim using Guid(3b7cd5eea066e104eb0c6060a342533e) Importer(815301076,1909f56bfc062723c751e8b465ee728b)  -> (artifact id: '0b0159df99f9bc9311b09f09e8ce1f96') in 0.002662 seconds
Number of updated asset objects reloaded before import = 0
Number of asset objects unloaded after import = 1
========================================================================
Received Import Request.
  Time since last request: 30.967960 seconds.
  path: Assets/Prefabs/EnemyHuman.prefab
  artifactKey: Guid(78c5960e49b9c2146a44198aedfd83c4) Importer(815301076,1909f56bfc062723c751e8b465ee728b)
Start importing Assets/Prefabs/EnemyHuman.prefab using Guid(78c5960e49b9c2146a44198aedfd83c4) Importer(815301076,1909f56bfc062723c751e8b465ee728b)  -> (artifact id: 'db00aa055504020303c87b51b9ecf25c') in 0.022989 seconds
Number of updated asset objects reloaded before import = 0
Number of asset objects unloaded after import = 15
========================================================================
Received Import Request.
  Time since last request: 1.214820 seconds.
  path: Assets/Prefabs/EnemyHuman.prefab
  artifactKey: Guid(78c5960e49b9c2146a44198aedfd83c4) Importer(815301076,1909f56bfc062723c751e8b465ee728b)
Start importing Assets/Prefabs/EnemyHuman.prefab using Guid(78c5960e49b9c2146a44198aedfd83c4) Importer(815301076,1909f56bfc062723c751e8b465ee728b)  -> (artifact id: 'd3938d268bdbcb19efa2db7872dc37bb') in 0.029680 seconds
Number of updated asset objects reloaded before import = 0
Number of asset objects unloaded after import = 25
========================================================================
Received Prepare
Begin MonoManager ReloadAssembly
- Loaded All Assemblies, in  1.556 seconds
Refreshing native plugins compatible for Editor in 13.25 ms, found 4 plugins.
Native extension for WindowsStandalone target not found
Native extension for iOS target not found
Native extension for Android target not found
[Package Manager] Server::EnsureServerProcessIsRunning -- launch failed, reason: Unity was launched with the -noUpm command-line argument
[Package Manager] UpmClient::Send -- Unable to send message (not connected to UPM process).
[Package Manager] Cannot connect to Unity Package Manager local server
Mono: successfully reloaded assembly
- Finished resetting the current domain, in  5.347 seconds
Domain Reload Profiling: 6880ms
	BeginReloadAssembly (558ms)
		ExecutionOrderSort (0ms)
		DisableScriptedObjects (49ms)
		BackupInstance (0ms)
		ReleaseScriptingObjects (0ms)
		CreateAndSetChildDomain (139ms)
	RebuildCommonClasses (79ms)
	RebuildNativeTypeToScriptingClass (26ms)
	initialDomainReloadingComplete (103ms)
	LoadAllAssembliesAndSetupDomain (766ms)
		LoadAssemblies (1003ms)
		RebuildTransferFunctionScriptingTraits (0ms)
		AnalyzeDomain (49ms)
			TypeCache.Refresh (13ms)
				TypeCache.ScanAssembly (0ms)
			ScanForSourceGeneratedMonoScriptInfo (0ms)
			ResolveRequiredComponents (34ms)
	FinalizeReload (5348ms)
		ReleaseScriptCaches (0ms)
		RebuildScriptCaches (0ms)
		SetupLoadedEditorAssemblies (1759ms)
			LogAssemblyErrors (0ms)
			InitializePlatformSupportModulesInManaged (131ms)
			SetLoadedEditorAssemblies (18ms)
			RefreshPlugins (0ms)
			BeforeProcessingInitializeOnLoad (313ms)
			ProcessInitializeOnLoadAttributes (1012ms)
			ProcessInitializeOnLoadMethodAttributes (243ms)
			AfterProcessingInitializeOnLoad (40ms)
			EditorAssembliesLoaded (1ms)
		ExecutionOrderSort2 (0ms)
		AwakeInstancesAfterBackupRestoration (48ms)
Refreshing native plugins compatible for Editor in 17.93 ms, found 4 plugins.
Preloading 0 native plugins for Editor in 0.00 ms.
Unloading 5668 Unused Serialized files (Serialized files now loaded: 0)
Unloading 62 unused Assets / (0.9 MB). Loaded Objects now: 6438.
Memory consumption went from 212.9 MB to 212.0 MB.
Total: 12.338800 ms (FindLiveObjects: 0.951700 ms CreateObjectMapping: 1.521100 ms MarkObjects: 8.296300 ms  DeleteObjects: 1.562100 ms)

Prepare: number of updated asset objects reloaded= 0
AssetImportParameters requested are different than current active one (requested -> active):
  custom:container-demuxer-ogg: 62fdf1f143b41e24485cea50d1cbac27 -> 
  custom:video-decoder-ogg-theora: a1e56fd34408186e4bbccfd4996cb3dc -> 
  custom:framework-win-MediaFoundation: 216162199b28c13a410421893ffa2e32 -> 
  custom:CustomObjectIndexerAttribute: a3ef5dd2817f97addfee359851a9dba5 -> 
  custom:container-demuxer-webm: 4f35f7cbe854078d1ac9338744f61a02 -> 
  custom:container-muxer-webm: aa71ff27fc2769a1b78a27578f13a17b -> 
  custom:video-decoder-webm-vp8: 9c59270c3fd7afecdb556c50c9e8de78 -> 
  custom:SearchIndexIgnoredProperties: e643bd26f0fe6173181afceb89e7c659 -> 
  custom:AudioImporter_EditorPlatform: d09bf68614088b80899f8185d706f6e7 -> 
  custom:video-encoder-webm-vp8: eb34c28f22e8b96e1ab97ce403110664 -> 
  custom:audio-decoder-ogg-vorbis: bf7c407c2cedff20999df2af8eb42d56 -> 
  custom:audio-encoder-webm-vorbis: bf7c407c2cedff20999df2af8eb42d56 -> 
========================================================================
Received Import Request.
  Time since last request: 33.613124 seconds.
  path: Assets/CrystalWorld/Sprites/GinoCharacter/attacks/AttackA06.png
  artifactKey: Guid(baab6ce4bf3235241b5e0ecc8df5994b) Importer(815301076,1909f56bfc062723c751e8b465ee728b)
Start importing Assets/CrystalWorld/Sprites/GinoCharacter/attacks/AttackA06.png using Guid(baab6ce4bf3235241b5e0ecc8df5994b) Importer(815301076,1909f56bfc062723c751e8b465ee728b)  -> (artifact id: 'e94980a121130ad89518194209b12516') in 0.202791 seconds
Number of updated asset objects reloaded before import = 0
Number of asset objects unloaded after import = 3
========================================================================
Received Import Request.
  Time since last request: 0.000043 seconds.
  path: Assets/CrystalWorld/Sprites/GinoCharacter/attacks/AttackB02.png
  artifactKey: Guid(5e64e0ea155a3c14eae58d476bb27214) Importer(815301076,1909f56bfc062723c751e8b465ee728b)
Start importing Assets/CrystalWorld/Sprites/GinoCharacter/attacks/AttackB02.png using Guid(5e64e0ea155a3c14eae58d476bb27214) Importer(815301076,1909f56bfc062723c751e8b465ee728b)  -> (artifact id: '343dcabc778072135a5ff6d4bcac5211') in 0.064527 seconds
Number of updated asset objects reloaded before import = 0
Number of asset objects unloaded after import = 3
========================================================================
Received Import Request.
  Time since last request: 0.000258 seconds.
  path: Assets/CrystalWorld/Sprites/GinoCharacter/attacks/AttackB04.png
  artifactKey: Guid(37b39aba1ae14ca46b3a1399dc37d23d) Importer(815301076,1909f56bfc062723c751e8b465ee728b)
Start importing Assets/CrystalWorld/Sprites/GinoCharacter/attacks/AttackB04.png using Guid(37b39aba1ae14ca46b3a1399dc37d23d) Importer(815301076,1909f56bfc062723c751e8b465ee728b)  -> (artifact id: '1740d8b20a30b39efe5993dd220ca422') in 0.055991 seconds
Number of updated asset objects reloaded before import = 0
Number of asset objects unloaded after import = 3
========================================================================
Received Import Request.
  Time since last request: 28.984659 seconds.
  path: Assets/Prefabs/EnemyHuman.prefab
  artifactKey: Guid(78c5960e49b9c2146a44198aedfd83c4) Importer(815301076,1909f56bfc062723c751e8b465ee728b)
Start importing Assets/Prefabs/EnemyHuman.prefab using Guid(78c5960e49b9c2146a44198aedfd83c4) Importer(815301076,1909f56bfc062723c751e8b465ee728b)  -> (artifact id: 'bed83c42a536a01ee8c252fc7a6b5b32') in 0.462476 seconds
Number of updated asset objects reloaded before import = 0
Number of asset objects unloaded after import = 34
========================================================================
Received Import Request.
  Time since last request: 4.503679 seconds.
  path: Assets/Prefabs/EnemyHuman.prefab
  artifactKey: Guid(78c5960e49b9c2146a44198aedfd83c4) Importer(815301076,1909f56bfc062723c751e8b465ee728b)
Start importing Assets/Prefabs/EnemyHuman.prefab using Guid(78c5960e49b9c2146a44198aedfd83c4) Importer(815301076,1909f56bfc062723c751e8b465ee728b)  -> (artifact id: 'c6d329a6577864d75a78cc114d1dfdd6') in 0.025189 seconds
Number of updated asset objects reloaded before import = 0
Number of asset objects unloaded after import = 25
========================================================================
Received Import Request.
  Time since last request: 0.833076 seconds.
  path: Assets/Prefabs/EnemyHuman.prefab
  artifactKey: Guid(78c5960e49b9c2146a44198aedfd83c4) Importer(815301076,1909f56bfc062723c751e8b465ee728b)
Start importing Assets/Prefabs/EnemyHuman.prefab using Guid(78c5960e49b9c2146a44198aedfd83c4) Importer(815301076,1909f56bfc062723c751e8b465ee728b)  -> (artifact id: 'add6155eda24edbc23ca37512cbfe70e') in 0.023766 seconds
Number of updated asset objects reloaded before import = 0
Number of asset objects unloaded after import = 25
========================================================================
Received Import Request.
  Time since last request: 2.481974 seconds.
  path: Assets/Prefabs/EnemyHuman.prefab
  artifactKey: Guid(78c5960e49b9c2146a44198aedfd83c4) Importer(815301076,1909f56bfc062723c751e8b465ee728b)
Start importing Assets/Prefabs/EnemyHuman.prefab using Guid(78c5960e49b9c2146a44198aedfd83c4) Importer(815301076,1909f56bfc062723c751e8b465ee728b)  -> (artifact id: 'fe4be7a12d5d51584b1104b2d6bd3bd2') in 0.023955 seconds
Number of updated asset objects reloaded before import = 0
Number of asset objects unloaded after import = 25
========================================================================
Received Import Request.
  Time since last request: 13.506946 seconds.
  path: Assets/Prefabs/EnemyHuman.prefab
  artifactKey: Guid(78c5960e49b9c2146a44198aedfd83c4) Importer(815301076,1909f56bfc062723c751e8b465ee728b)
Start importing Assets/Prefabs/EnemyHuman.prefab using Guid(78c5960e49b9c2146a44198aedfd83c4) Importer(815301076,1909f56bfc062723c751e8b465ee728b)  -> (artifact id: 'a0fad7aef721f167393e7068500fd3da') in 0.036385 seconds
Number of updated asset objects reloaded before import = 0
Number of asset objects unloaded after import = 23
========================================================================
Received Prepare
Begin MonoManager ReloadAssembly
- Loaded All Assemblies, in  1.316 seconds
Refreshing native plugins compatible for Editor in 13.10 ms, found 4 plugins.
Native extension for WindowsStandalone target not found
Native extension for iOS target not found
Native extension for Android target not found
[Package Manager] Server::EnsureServerProcessIsRunning -- launch failed, reason: Unity was launched with the -noUpm command-line argument
[Package Manager] UpmClient::Send -- Unable to send message (not connected to UPM process).
[Package Manager] Cannot connect to Unity Package Manager local server
Mono: successfully reloaded assembly
- Finished resetting the current domain, in  4.140 seconds
Domain Reload Profiling: 5440ms
	BeginReloadAssembly (418ms)
		ExecutionOrderSort (0ms)
		DisableScriptedObjects (36ms)
		BackupInstance (0ms)
		ReleaseScriptingObjects (0ms)
		CreateAndSetChildDomain (108ms)
	RebuildCommonClasses (80ms)
	RebuildNativeTypeToScriptingClass (26ms)
	initialDomainReloadingComplete (79ms)
	LoadAllAssembliesAndSetupDomain (695ms)
		LoadAssemblies (843ms)
		RebuildTransferFunctionScriptingTraits (0ms)
		AnalyzeDomain (54ms)
			TypeCache.Refresh (19ms)
				TypeCache.ScanAssembly (0ms)
			ScanForSourceGeneratedMonoScriptInfo (1ms)
			ResolveRequiredComponents (33ms)
	FinalizeReload (4142ms)
		ReleaseScriptCaches (0ms)
		RebuildScriptCaches (0ms)
		SetupLoadedEditorAssemblies (1767ms)
			LogAssemblyErrors (0ms)
			InitializePlatformSupportModulesInManaged (125ms)
			SetLoadedEditorAssemblies (17ms)
			RefreshPlugins (0ms)
			BeforeProcessingInitializeOnLoad (336ms)
			ProcessInitializeOnLoadAttributes (1011ms)
			ProcessInitializeOnLoadMethodAttributes (241ms)
			AfterProcessingInitializeOnLoad (35ms)
			EditorAssembliesLoaded (1ms)
		ExecutionOrderSort2 (0ms)
		AwakeInstancesAfterBackupRestoration (48ms)
Refreshing native plugins compatible for Editor in 15.99 ms, found 4 plugins.
Preloading 0 native plugins for Editor in 0.00 ms.
Unloading 5668 Unused Serialized files (Serialized files now loaded: 0)
Unloading 62 unused Assets / (0.9 MB). Loaded Objects now: 6492.
Memory consumption went from 212.9 MB to 212.0 MB.
Total: 12.224000 ms (FindLiveObjects: 1.233400 ms CreateObjectMapping: 1.721200 ms MarkObjects: 8.465800 ms  DeleteObjects: 0.802300 ms)

Prepare: number of updated asset objects reloaded= 0
AssetImportParameters requested are different than current active one (requested -> active):
  custom:container-demuxer-ogg: 62fdf1f143b41e24485cea50d1cbac27 -> 
  custom:video-decoder-ogg-theora: a1e56fd34408186e4bbccfd4996cb3dc -> 
  custom:framework-win-MediaFoundation: 216162199b28c13a410421893ffa2e32 -> 
  custom:CustomObjectIndexerAttribute: a3ef5dd2817f97addfee359851a9dba5 -> 
  custom:container-demuxer-webm: 4f35f7cbe854078d1ac9338744f61a02 -> 
  custom:container-muxer-webm: aa71ff27fc2769a1b78a27578f13a17b -> 
  custom:video-decoder-webm-vp8: 9c59270c3fd7afecdb556c50c9e8de78 -> 
  custom:SearchIndexIgnoredProperties: e643bd26f0fe6173181afceb89e7c659 -> 
  custom:AudioImporter_EditorPlatform: d09bf68614088b80899f8185d706f6e7 -> 
  custom:video-encoder-webm-vp8: eb34c28f22e8b96e1ab97ce403110664 -> 
  custom:audio-decoder-ogg-vorbis: bf7c407c2cedff20999df2af8eb42d56 -> 
  custom:audio-encoder-webm-vorbis: bf7c407c2cedff20999df2af8eb42d56 -> 
========================================================================
Received Import Request.
  Time since last request: 202.998464 seconds.
  path: Assets/Animations/EnemyHuman Anim/Attack2.anim
  artifactKey: Guid(180d81295a526da49bc5622365cba0ef) Importer(815301076,1909f56bfc062723c751e8b465ee728b)
Start importing Assets/Animations/EnemyHuman Anim/Attack2.anim using Guid(180d81295a526da49bc5622365cba0ef) Importer(815301076,1909f56bfc062723c751e8b465ee728b)  -> (artifact id: '3a59a16a9b86bbff228bb856f29d3b84') in 0.033137 seconds
Number of updated asset objects reloaded before import = 0
Number of asset objects unloaded after import = 1
========================================================================
Received Import Request.
  Time since last request: 1.679392 seconds.
  path: Assets/Animations/EnemyHuman Anim/Fall.anim
  artifactKey: Guid(e532212911dc0d7498858fb6df5df3d6) Importer(815301076,1909f56bfc062723c751e8b465ee728b)
Start importing Assets/Animations/EnemyHuman Anim/Fall.anim using Guid(e532212911dc0d7498858fb6df5df3d6) Importer(815301076,1909f56bfc062723c751e8b465ee728b)  -> (artifact id: '841de12dbfc59d675899925e3d76f715') in 0.003395 seconds
Number of updated asset objects reloaded before import = 0
Number of asset objects unloaded after import = 1
========================================================================
Received Import Request.
  Time since last request: 0.430202 seconds.
  path: Assets/Animations/EnemyHuman Anim/Idle.anim
  artifactKey: Guid(5fe9e76d1ec8bd44e9272656d031c73c) Importer(815301076,1909f56bfc062723c751e8b465ee728b)
Start importing Assets/Animations/EnemyHuman Anim/Idle.anim using Guid(5fe9e76d1ec8bd44e9272656d031c73c) Importer(815301076,1909f56bfc062723c751e8b465ee728b)  -> (artifact id: 'cf17268b16fb5cfe469bce07a5dbd456') in 0.002822 seconds
Number of updated asset objects reloaded before import = 0
Number of asset objects unloaded after import = 1
========================================================================
Received Import Request.
  Time since last request: 0.638990 seconds.
  path: Assets/Animations/EnemyHuman Anim/Jump.anim
  artifactKey: Guid(94af23d7c6d475a4dbe3a6fa4869d9d7) Importer(815301076,1909f56bfc062723c751e8b465ee728b)
Start importing Assets/Animations/EnemyHuman Anim/Jump.anim using Guid(94af23d7c6d475a4dbe3a6fa4869d9d7) Importer(815301076,1909f56bfc062723c751e8b465ee728b)  -> (artifact id: '3aae0735b37e811f52db0c2ffebd49bc') in 0.002784 seconds
Number of updated asset objects reloaded before import = 0
Number of asset objects unloaded after import = 1
========================================================================
Received Import Request.
  Time since last request: 0.369097 seconds.
  path: Assets/Animations/EnemyHuman Anim/Run.anim
  artifactKey: Guid(0f9b6d32cf5f11047894a124e8ea9574) Importer(815301076,1909f56bfc062723c751e8b465ee728b)
Start importing Assets/Animations/EnemyHuman Anim/Run.anim using Guid(0f9b6d32cf5f11047894a124e8ea9574) Importer(815301076,1909f56bfc062723c751e8b465ee728b)  -> (artifact id: '0af9d6320e8a40f0d8a5e67a9584cd7d') in 0.003142 seconds
Number of updated asset objects reloaded before import = 0
Number of asset objects unloaded after import = 1
========================================================================
Received Import Request.
  Time since last request: 0.301370 seconds.
  path: Assets/Animations/EnemyHuman Anim/Take Hit.anim
  artifactKey: Guid(c275df8e252638a4caef1e9a42463719) Importer(815301076,1909f56bfc062723c751e8b465ee728b)
Start importing Assets/Animations/EnemyHuman Anim/Take Hit.anim using Guid(c275df8e252638a4caef1e9a42463719) Importer(815301076,1909f56bfc062723c751e8b465ee728b)  -> (artifact id: '73b74618e069356fae1910a22a2d9b94') in 0.002418 seconds
Number of updated asset objects reloaded before import = 0
Number of asset objects unloaded after import = 1
========================================================================
Received Import Request.
  Time since last request: 3.731790 seconds.
  path: Assets/Animations/EnemyHuman Anim/Death.anim
  artifactKey: Guid(cc6b58a77768acb45af75849227f7892) Importer(815301076,1909f56bfc062723c751e8b465ee728b)
Start importing Assets/Animations/EnemyHuman Anim/Death.anim using Guid(cc6b58a77768acb45af75849227f7892) Importer(815301076,1909f56bfc062723c751e8b465ee728b)  -> (artifact id: '46cf442de1acf2d3af63b79072a60f1b') in 0.002680 seconds
Number of updated asset objects reloaded before import = 0
Number of asset objects unloaded after import = 1
